<?xml version="1.0" encoding="UTF-8"?>
<!-- Generated by org.testng.reporters.JUnitReportReporter -->
<testsuite hostname="DESKTOP-KT75J6U" failures="0" tests="2" name="cucumberOptions.TestRunnerTestNG" time="26.585" errors="0" timestamp="2024-08-04T17:12:18 IST" skipped="0">
  <testcase classname="cucumberOptions.TestRunnerTestNG" name="runScenario" time="13.230"/>
  <testcase classname="cucumberOptions.TestRunnerTestNG" name="runScenario" time="13.355"/>
</testsuite> <!-- cucumberOptions.TestRunnerTestNG -->
